2024-06-11 07:40:21 django.db.backends  /Users/ganmh/django/py3-django/django3-env/lib/python3.9/site-packages/django/db/backends/utils.py:131 utils:debug_sql DEBUG- (0.000) 
            SELECT name, type FROM sqlite_master
            WHERE type in ('table', 'view') AND NOT name='sqlite_sequence'
            ORDER BY name; args=None; alias=default
2024-06-11 07:40:21 django.db.backends  /Users/ganmh/django/py3-django/django3-env/lib/python3.9/site-packages/django/db/backends/utils.py:131 utils:debug_sql DEBUG- (0.000) SELECT "django_migrations"."id", "django_migrations"."app", "django_migrations"."name", "django_migrations"."applied" FROM "django_migrations"; args=(); alias=default
2024-06-11 07:45:20 django.db.backends  /Users/ganmh/django/py3-django/django3-env/lib/python3.9/site-packages/django/db/backends/utils.py:131 utils:debug_sql DEBUG- (0.000) 
            SELECT name, type FROM sqlite_master
            WHERE type in ('table', 'view') AND NOT name='sqlite_sequence'
            ORDER BY name; args=None; alias=default
2024-06-11 07:45:20 django.db.backends  /Users/ganmh/django/py3-django/django3-env/lib/python3.9/site-packages/django/db/backends/utils.py:131 utils:debug_sql DEBUG- (0.000) SELECT "django_migrations"."id", "django_migrations"."app", "django_migrations"."name", "django_migrations"."applied" FROM "django_migrations"; args=(); alias=default
2024-06-11 07:45:38 django.db.backends  /Users/ganmh/django/py3-django/django3-env/lib/python3.9/site-packages/django/db/backends/utils.py:131 utils:debug_sql DEBUG- (0.000) 
            SELECT name, type FROM sqlite_master
            WHERE type in ('table', 'view') AND NOT name='sqlite_sequence'
            ORDER BY name; args=None; alias=default
2024-06-11 07:45:38 django.db.backends  /Users/ganmh/django/py3-django/django3-env/lib/python3.9/site-packages/django/db/backends/utils.py:131 utils:debug_sql DEBUG- (0.000) SELECT "django_migrations"."id", "django_migrations"."app", "django_migrations"."name", "django_migrations"."applied" FROM "django_migrations"; args=(); alias=default
2024-06-11 07:47:49 django.db.backends  /Users/ganmh/django/py3-django/django3-env/lib/python3.9/site-packages/django/db/backends/utils.py:131 utils:debug_sql DEBUG- (0.000) 
            SELECT name, type FROM sqlite_master
            WHERE type in ('table', 'view') AND NOT name='sqlite_sequence'
            ORDER BY name; args=None; alias=default
2024-06-11 07:47:49 django.db.backends  /Users/ganmh/django/py3-django/django3-env/lib/python3.9/site-packages/django/db/backends/utils.py:131 utils:debug_sql DEBUG- (0.000) SELECT "django_migrations"."id", "django_migrations"."app", "django_migrations"."name", "django_migrations"."applied" FROM "django_migrations"; args=(); alias=default
2024-06-11 08:17:19 django.db.backends  /Users/ganmh/django/py3-django/django3-env/lib/python3.9/site-packages/django/db/backends/utils.py:131 utils:debug_sql DEBUG- (0.000) 
            SELECT name, type FROM sqlite_master
            WHERE type in ('table', 'view') AND NOT name='sqlite_sequence'
            ORDER BY name; args=None; alias=default
2024-06-11 08:17:19 django.db.backends  /Users/ganmh/django/py3-django/django3-env/lib/python3.9/site-packages/django/db/backends/utils.py:131 utils:debug_sql DEBUG- (0.000) SELECT "django_migrations"."id", "django_migrations"."app", "django_migrations"."name", "django_migrations"."applied" FROM "django_migrations"; args=(); alias=default
2024-06-11 08:18:04 django.db.backends  /Users/ganmh/django/py3-django/django3-env/lib/python3.9/site-packages/django/db/backends/utils.py:131 utils:debug_sql DEBUG- (0.000) 
            SELECT name, type FROM sqlite_master
            WHERE type in ('table', 'view') AND NOT name='sqlite_sequence'
            ORDER BY name; args=None; alias=default
2024-06-11 08:18:04 django.db.backends  /Users/ganmh/django/py3-django/django3-env/lib/python3.9/site-packages/django/db/backends/utils.py:131 utils:debug_sql DEBUG- (0.000) SELECT "django_migrations"."id", "django_migrations"."app", "django_migrations"."name", "django_migrations"."applied" FROM "django_migrations"; args=(); alias=default
2024-06-11 08:34:38 django.db.backends  /Users/ganmh/django/py3-django/django3-env/lib/python3.9/site-packages/django/db/backends/utils.py:131 utils:debug_sql DEBUG- (0.000) 
            SELECT name, type FROM sqlite_master
            WHERE type in ('table', 'view') AND NOT name='sqlite_sequence'
            ORDER BY name; args=None; alias=default
2024-06-11 08:34:38 django.db.backends  /Users/ganmh/django/py3-django/django3-env/lib/python3.9/site-packages/django/db/backends/utils.py:131 utils:debug_sql DEBUG- (0.000) SELECT "django_migrations"."id", "django_migrations"."app", "django_migrations"."name", "django_migrations"."applied" FROM "django_migrations"; args=(); alias=default
2024-06-11 08:35:42 django.db.backends  /Users/ganmh/django/py3-django/django3-env/lib/python3.9/site-packages/django/db/backends/utils.py:131 utils:debug_sql DEBUG- (0.000) 
            SELECT name, type FROM sqlite_master
            WHERE type in ('table', 'view') AND NOT name='sqlite_sequence'
            ORDER BY name; args=None; alias=default
2024-06-11 08:35:42 django.db.backends  /Users/ganmh/django/py3-django/django3-env/lib/python3.9/site-packages/django/db/backends/utils.py:131 utils:debug_sql DEBUG- (0.000) SELECT "django_migrations"."id", "django_migrations"."app", "django_migrations"."name", "django_migrations"."applied" FROM "django_migrations"; args=(); alias=default
2024-06-11 08:42:36 django.db.backends  /Users/ganmh/django/py3-django/django3-env/lib/python3.9/site-packages/django/db/backends/utils.py:131 utils:debug_sql DEBUG- (0.000) 
            SELECT name, type FROM sqlite_master
            WHERE type in ('table', 'view') AND NOT name='sqlite_sequence'
            ORDER BY name; args=None; alias=default
2024-06-11 08:42:36 django.db.backends  /Users/ganmh/django/py3-django/django3-env/lib/python3.9/site-packages/django/db/backends/utils.py:131 utils:debug_sql DEBUG- (0.000) SELECT "django_migrations"."id", "django_migrations"."app", "django_migrations"."name", "django_migrations"."applied" FROM "django_migrations"; args=(); alias=default
2024-06-11 08:43:06 django.db.backends  /Users/ganmh/django/py3-django/django3-env/lib/python3.9/site-packages/django/db/backends/utils.py:131 utils:debug_sql DEBUG- (0.000) 
            SELECT name, type FROM sqlite_master
            WHERE type in ('table', 'view') AND NOT name='sqlite_sequence'
            ORDER BY name; args=None; alias=default
2024-06-11 08:43:06 django.db.backends  /Users/ganmh/django/py3-django/django3-env/lib/python3.9/site-packages/django/db/backends/utils.py:131 utils:debug_sql DEBUG- (0.000) SELECT "django_migrations"."id", "django_migrations"."app", "django_migrations"."name", "django_migrations"."applied" FROM "django_migrations"; args=(); alias=default
2024-06-11 08:43:15 django.db.backends  /Users/ganmh/django/py3-django/django3-env/lib/python3.9/site-packages/django/db/backends/utils.py:131 utils:debug_sql DEBUG- (0.000) 
            SELECT name, type FROM sqlite_master
            WHERE type in ('table', 'view') AND NOT name='sqlite_sequence'
            ORDER BY name; args=None; alias=default
2024-06-11 08:43:15 django.db.backends  /Users/ganmh/django/py3-django/django3-env/lib/python3.9/site-packages/django/db/backends/utils.py:131 utils:debug_sql DEBUG- (0.000) SELECT "django_migrations"."id", "django_migrations"."app", "django_migrations"."name", "django_migrations"."applied" FROM "django_migrations"; args=(); alias=default
2024-06-11 08:43:42 django.db.backends  /Users/ganmh/django/py3-django/django3-env/lib/python3.9/site-packages/django/db/backends/utils.py:131 utils:debug_sql DEBUG- (0.001) 
            SELECT name, type FROM sqlite_master
            WHERE type in ('table', 'view') AND NOT name='sqlite_sequence'
            ORDER BY name; args=None; alias=default
2024-06-11 08:43:42 django.db.backends  /Users/ganmh/django/py3-django/django3-env/lib/python3.9/site-packages/django/db/backends/utils.py:131 utils:debug_sql DEBUG- (0.000) SELECT "django_migrations"."id", "django_migrations"."app", "django_migrations"."name", "django_migrations"."applied" FROM "django_migrations"; args=(); alias=default
2024-06-11 08:43:49 django.db.backends  /Users/ganmh/django/py3-django/django3-env/lib/python3.9/site-packages/django/db/backends/utils.py:131 utils:debug_sql DEBUG- (0.000) 
            SELECT name, type FROM sqlite_master
            WHERE type in ('table', 'view') AND NOT name='sqlite_sequence'
            ORDER BY name; args=None; alias=default
2024-06-11 08:43:49 django.db.backends  /Users/ganmh/django/py3-django/django3-env/lib/python3.9/site-packages/django/db/backends/utils.py:131 utils:debug_sql DEBUG- (0.000) SELECT "django_migrations"."id", "django_migrations"."app", "django_migrations"."name", "django_migrations"."applied" FROM "django_migrations"; args=(); alias=default
2024-06-11 08:47:05 django.db.backends  /Users/ganmh/django/py3-django/django3-env/lib/python3.9/site-packages/django/db/backends/utils.py:131 utils:debug_sql DEBUG- (0.000) 
            SELECT name, type FROM sqlite_master
            WHERE type in ('table', 'view') AND NOT name='sqlite_sequence'
            ORDER BY name; args=None; alias=default
2024-06-11 08:47:05 django.db.backends  /Users/ganmh/django/py3-django/django3-env/lib/python3.9/site-packages/django/db/backends/utils.py:131 utils:debug_sql DEBUG- (0.000) SELECT "django_migrations"."id", "django_migrations"."app", "django_migrations"."name", "django_migrations"."applied" FROM "django_migrations"; args=(); alias=default
2024-06-11 08:48:32 django.db.backends  /Users/ganmh/django/py3-django/django3-env/lib/python3.9/site-packages/django/db/backends/utils.py:131 utils:debug_sql DEBUG- (0.000) 
            SELECT name, type FROM sqlite_master
            WHERE type in ('table', 'view') AND NOT name='sqlite_sequence'
            ORDER BY name; args=None; alias=default
2024-06-11 08:48:32 django.db.backends  /Users/ganmh/django/py3-django/django3-env/lib/python3.9/site-packages/django/db/backends/utils.py:131 utils:debug_sql DEBUG- (0.000) SELECT "django_migrations"."id", "django_migrations"."app", "django_migrations"."name", "django_migrations"."applied" FROM "django_migrations"; args=(); alias=default
2024-06-11 08:49:53 django.db.backends  /Users/ganmh/django/py3-django/django3-env/lib/python3.9/site-packages/django/db/backends/utils.py:131 utils:debug_sql DEBUG- (0.000) 
            SELECT name, type FROM sqlite_master
            WHERE type in ('table', 'view') AND NOT name='sqlite_sequence'
            ORDER BY name; args=None; alias=default
2024-06-11 08:49:53 django.db.backends  /Users/ganmh/django/py3-django/django3-env/lib/python3.9/site-packages/django/db/backends/utils.py:131 utils:debug_sql DEBUG- (0.000) SELECT "django_migrations"."id", "django_migrations"."app", "django_migrations"."name", "django_migrations"."applied" FROM "django_migrations"; args=(); alias=default
2024-06-11 08:50:47 django.db.backends  /Users/ganmh/django/py3-django/django3-env/lib/python3.9/site-packages/django/db/backends/utils.py:131 utils:debug_sql DEBUG- (0.000) 
            SELECT name, type FROM sqlite_master
            WHERE type in ('table', 'view') AND NOT name='sqlite_sequence'
            ORDER BY name; args=None; alias=default
2024-06-11 08:50:47 django.db.backends  /Users/ganmh/django/py3-django/django3-env/lib/python3.9/site-packages/django/db/backends/utils.py:131 utils:debug_sql DEBUG- (0.000) SELECT "django_migrations"."id", "django_migrations"."app", "django_migrations"."name", "django_migrations"."applied" FROM "django_migrations"; args=(); alias=default
2024-06-11 09:04:01 django.db.backends  /Users/ganmh/django/py3-django/django3-env/lib/python3.9/site-packages/django/db/backends/utils.py:131 utils:debug_sql DEBUG- (0.000) 
            SELECT name, type FROM sqlite_master
            WHERE type in ('table', 'view') AND NOT name='sqlite_sequence'
            ORDER BY name; args=None; alias=default
2024-06-11 09:04:01 django.db.backends  /Users/ganmh/django/py3-django/django3-env/lib/python3.9/site-packages/django/db/backends/utils.py:131 utils:debug_sql DEBUG- (0.000) SELECT "django_migrations"."id", "django_migrations"."app", "django_migrations"."name", "django_migrations"."applied" FROM "django_migrations"; args=(); alias=default
2024-06-11 09:05:15 django.db.backends  /Users/ganmh/django/py3-django/django3-env/lib/python3.9/site-packages/django/db/backends/utils.py:131 utils:debug_sql DEBUG- (0.000) 
            SELECT name, type FROM sqlite_master
            WHERE type in ('table', 'view') AND NOT name='sqlite_sequence'
            ORDER BY name; args=None; alias=default
2024-06-11 09:05:15 django.db.backends  /Users/ganmh/django/py3-django/django3-env/lib/python3.9/site-packages/django/db/backends/utils.py:131 utils:debug_sql DEBUG- (0.000) SELECT "django_migrations"."id", "django_migrations"."app", "django_migrations"."name", "django_migrations"."applied" FROM "django_migrations"; args=(); alias=default
2024-06-11 09:10:21 django.db.backends  /Users/ganmh/django/py3-django/django3-env/lib/python3.9/site-packages/django/db/backends/utils.py:131 utils:debug_sql DEBUG- (0.000) 
            SELECT name, type FROM sqlite_master
            WHERE type in ('table', 'view') AND NOT name='sqlite_sequence'
            ORDER BY name; args=None; alias=default
2024-06-11 09:10:21 django.db.backends  /Users/ganmh/django/py3-django/django3-env/lib/python3.9/site-packages/django/db/backends/utils.py:131 utils:debug_sql DEBUG- (0.000) SELECT "django_migrations"."id", "django_migrations"."app", "django_migrations"."name", "django_migrations"."applied" FROM "django_migrations"; args=(); alias=default
2024-06-11 09:11:42 django.db.backends  /Users/ganmh/django/py3-django/django3-env/lib/python3.9/site-packages/django/db/backends/utils.py:131 utils:debug_sql DEBUG- (0.000) 
            SELECT name, type FROM sqlite_master
            WHERE type in ('table', 'view') AND NOT name='sqlite_sequence'
            ORDER BY name; args=None; alias=default
2024-06-11 09:11:42 django.db.backends  /Users/ganmh/django/py3-django/django3-env/lib/python3.9/site-packages/django/db/backends/utils.py:131 utils:debug_sql DEBUG- (0.000) SELECT "django_migrations"."id", "django_migrations"."app", "django_migrations"."name", "django_migrations"."applied" FROM "django_migrations"; args=(); alias=default
2024-06-11 09:12:20 django.db.backends  /Users/ganmh/django/py3-django/django3-env/lib/python3.9/site-packages/django/db/backends/utils.py:131 utils:debug_sql DEBUG- (0.000) 
            SELECT name, type FROM sqlite_master
            WHERE type in ('table', 'view') AND NOT name='sqlite_sequence'
            ORDER BY name; args=None; alias=default
2024-06-11 09:12:20 django.db.backends  /Users/ganmh/django/py3-django/django3-env/lib/python3.9/site-packages/django/db/backends/utils.py:131 utils:debug_sql DEBUG- (0.000) SELECT "django_migrations"."id", "django_migrations"."app", "django_migrations"."name", "django_migrations"."applied" FROM "django_migrations"; args=(); alias=default
2024-06-11 09:12:55 django.db.backends  /Users/ganmh/django/py3-django/django3-env/lib/python3.9/site-packages/django/db/backends/utils.py:131 utils:debug_sql DEBUG- (0.000) 
            SELECT name, type FROM sqlite_master
            WHERE type in ('table', 'view') AND NOT name='sqlite_sequence'
            ORDER BY name; args=None; alias=default
2024-06-11 09:12:55 django.db.backends  /Users/ganmh/django/py3-django/django3-env/lib/python3.9/site-packages/django/db/backends/utils.py:131 utils:debug_sql DEBUG- (0.000) SELECT "django_migrations"."id", "django_migrations"."app", "django_migrations"."name", "django_migrations"."applied" FROM "django_migrations"; args=(); alias=default
2024-06-11 09:15:43 django.db.backends  /Users/ganmh/django/py3-django/django3-env/lib/python3.9/site-packages/django/db/backends/utils.py:131 utils:debug_sql DEBUG- (0.000) 
            SELECT name, type FROM sqlite_master
            WHERE type in ('table', 'view') AND NOT name='sqlite_sequence'
            ORDER BY name; args=None; alias=default
2024-06-11 09:15:43 django.db.backends  /Users/ganmh/django/py3-django/django3-env/lib/python3.9/site-packages/django/db/backends/utils.py:131 utils:debug_sql DEBUG- (0.000) SELECT "django_migrations"."id", "django_migrations"."app", "django_migrations"."name", "django_migrations"."applied" FROM "django_migrations"; args=(); alias=default
2024-06-11 09:16:40 django.db.backends  /Users/ganmh/django/py3-django/django3-env/lib/python3.9/site-packages/django/db/backends/utils.py:131 utils:debug_sql DEBUG- (0.000) 
            SELECT name, type FROM sqlite_master
            WHERE type in ('table', 'view') AND NOT name='sqlite_sequence'
            ORDER BY name; args=None; alias=default
2024-06-11 09:16:40 django.db.backends  /Users/ganmh/django/py3-django/django3-env/lib/python3.9/site-packages/django/db/backends/utils.py:131 utils:debug_sql DEBUG- (0.000) SELECT "django_migrations"."id", "django_migrations"."app", "django_migrations"."name", "django_migrations"."applied" FROM "django_migrations"; args=(); alias=default
2024-06-11 09:19:56 django.db.backends  /Users/ganmh/django/py3-django/django3-env/lib/python3.9/site-packages/django/db/backends/utils.py:131 utils:debug_sql DEBUG- (0.000) 
            SELECT name, type FROM sqlite_master
            WHERE type in ('table', 'view') AND NOT name='sqlite_sequence'
            ORDER BY name; args=None; alias=default
2024-06-11 09:19:56 django.db.backends  /Users/ganmh/django/py3-django/django3-env/lib/python3.9/site-packages/django/db/backends/utils.py:131 utils:debug_sql DEBUG- (0.000) SELECT "django_migrations"."id", "django_migrations"."app", "django_migrations"."name", "django_migrations"."applied" FROM "django_migrations"; args=(); alias=default
